<?xml version="1.0" encoding="UTF-8"?>
<coverage generated="1631268971608" clover="3.2.0">
  <project timestamp="1631268971608" name="All files">
    <metrics statements="5" coveredstatements="5" conditionals="4" coveredconditionals="3" methods="1" coveredmethods="1" elements="10" coveredelements="9" complexity="0" loc="5" ncloc="5" packages="1" files="1" classes="1"/>
    <file name="leap-year-kata.ts" path="/Users/mark.kell/Documents/git/tech-academy/leap-year-academy/src/main/leap-year-kata.ts">
      <metrics statements="5" coveredstatements="5" conditionals="4" coveredconditionals="3" methods="1" coveredmethods="1"/>
      <line num="3" count="1" type="stmt"/>
      <line num="5" count="6" type="cond" truecount="2" falsecount="0"/>
      <line num="6" count="3" type="stmt"/>
      <line num="9" count="3" type="cond" truecount="1" falsecount="1"/>
      <line num="10" count="3" type="stmt"/>
    </file>
  </project>
</coverage>
