<?xml version="1.0" encoding="UTF-8"?>
<coverage generated="1631271453341" clover="3.2.0">
  <project timestamp="1631271453341" name="All files">
    <metrics statements="11" coveredstatements="11" conditionals="6" coveredconditionals="6" methods="4" coveredmethods="4" elements="21" coveredelements="21" complexity="0" loc="11" ncloc="11" packages="1" files="1" classes="1"/>
    <file name="leap-year-kata.ts" path="/Users/thu-phuong.ho/WebstormProjects/leap-year-academy/src/main/leap-year-kata.ts">
      <metrics statements="11" coveredstatements="11" conditionals="6" coveredconditionals="6" methods="4" coveredmethods="4"/>
      <line num="3" count="1" type="stmt"/>
      <line num="5" count="12" type="cond" truecount="2" falsecount="0"/>
      <line num="6" count="3" type="stmt"/>
      <line num="9" count="9" type="cond" truecount="2" falsecount="0"/>
      <line num="10" count="3" type="stmt"/>
      <line num="13" count="6" type="cond" truecount="2" falsecount="0"/>
      <line num="14" count="3" type="stmt"/>
      <line num="16" count="3" type="stmt"/>
      <line num="21" count="12" type="stmt"/>
      <line num="26" count="9" type="stmt"/>
      <line num="30" count="6" type="stmt"/>
    </file>
  </project>
</coverage>
