{"/Users/thu-phuong.ho/WebstormProjects/leap-year-academy/src/main/leap-year-kata.ts": {"path":"/Users/thu-phuong.ho/WebstormProjects/leap-year-academy/src/main/leap-year-kata.ts","statementMap":{"0":{"start":{"line":5,"column":4},"end":{"line":7,"column":null}},"1":{"start":{"line":6,"column":8},"end":{"line":6,"column":20}},"2":{"start":{"line":9,"column":4},"end":{"line":11,"column":null}},"3":{"start":{"line":10,"column":8},"end":{"line":10,"column":21}},"4":{"start":{"line":13,"column":4},"end":{"line":15,"column":null}},"5":{"start":{"line":14,"column":8},"end":{"line":14,"column":20}},"6":{"start":{"line":16,"column":4},"end":{"line":16,"column":17}},"7":{"start":{"line":3,"column":0},"end":{"line":3,"column":16}},"8":{"start":{"line":21,"column":8},"end":{"line":21,"column":31}},"9":{"start":{"line":26,"column":4},"end":{"line":26,"column":27}},"10":{"start":{"line":30,"column":8},"end":{"line":30,"column":28}}},"fnMap":{"0":{"name":"isLeapYear","decl":{"start":{"line":3,"column":16},"end":{"line":3,"column":26}},"loc":{"start":{"line":3,"column":38},"end":{"line":17,"column":1}}},"1":{"name":"isAtypicalLeapYear","decl":{"start":{"line":19,"column":9},"end":{"line":19,"column":27}},"loc":{"start":{"line":19,"column":39},"end":{"line":22,"column":5}}},"2":{"name":"isAtypicalCommonYear","decl":{"start":{"line":24,"column":9},"end":{"line":24,"column":29}},"loc":{"start":{"line":24,"column":41},"end":{"line":27,"column":1}}},"3":{"name":"isTypicalLeapYear","decl":{"start":{"line":28,"column":9},"end":{"line":28,"column":26}},"loc":{"start":{"line":28,"column":38},"end":{"line":31,"column":1}}}},"branchMap":{"0":{"loc":{"start":{"line":5,"column":4},"end":{"line":7,"column":null}},"type":"if","locations":[{"start":{"line":5,"column":4},"end":{"line":7,"column":null}},{"start":{"line":5,"column":4},"end":{"line":7,"column":null}}]},"1":{"loc":{"start":{"line":9,"column":4},"end":{"line":11,"column":null}},"type":"if","locations":[{"start":{"line":9,"column":4},"end":{"line":11,"column":null}},{"start":{"line":9,"column":4},"end":{"line":11,"column":null}}]},"2":{"loc":{"start":{"line":13,"column":4},"end":{"line":15,"column":null}},"type":"if","locations":[{"start":{"line":13,"column":4},"end":{"line":15,"column":null}},{"start":{"line":13,"column":4},"end":{"line":15,"column":null}}]}},"s":{"0":12,"1":3,"2":9,"3":3,"4":6,"5":3,"6":3,"7":1,"8":12,"9":9,"10":6},"f":{"0":12,"1":12,"2":9,"3":6},"b":{"0":[3,9],"1":[3,6],"2":[3,3]}}
}
